Terminals unused in grammar

    ERROR


Grammar

    0 $accept: program $end

    1 program: class_list

    2 class_list: class
    3           | class_list class

    4 class: CLASS TYPEID '{' optional_feature_list '}' ';'
    5      | CLASS TYPEID INHERITS TYPEID '{' optional_feature_list '}' ';'
    6      | error ';'

    7 feature: OBJECTID '(' optional_formal_list ')' ':' TYPEID '{' expression '}' ';'
    8        | OBJECTID ':' TYPEID ';'
    9        | OBJECTID ':' TYPEID ASSIGN expression ';'
   10        | error ';'

   11 feature_list: feature
   12             | feature_list feature

   13 optional_feature_list: %empty
   14                      | feature_list

   15 formal: OBJECTID ':' TYPEID

   16 formal_list: formal
   17            | formal_list ',' formal

   18 optional_formal_list: %empty
   19                     | formal_list

   20 expression: OBJECTID ASSIGN expression
   21           | expression '@' TYPEID '.' OBJECTID '(' optional_expression_list_comma ')'
   22           | expression '.' OBJECTID '(' optional_expression_list_comma ')'
   23           | OBJECTID '(' optional_expression_list_comma ')'
   24           | IF expression THEN expression ELSE expression FI
   25           | WHILE expression LOOP expression POOL
   26           | '{' expression_list_block '}'
   27           | LET lets
   28           | CASE expression OF case_list ESAC
   29           | NEW TYPEID
   30           | ISVOID expression
   31           | expression '+' expression
   32           | expression '-' expression
   33           | expression '*' expression
   34           | expression '/' expression
   35           | '~' expression
   36           | expression '<' expression
   37           | expression LE expression
   38           | expression '=' expression
   39           | NOT expression
   40           | '(' expression ')'
   41           | OBJECTID
   42           | INT_CONST
   43           | STR_CONST
   44           | BOOL_CONST
   45           | error '}'

   46 optional_expression_list_comma: %empty
   47                               | expression
   48                               | optional_expression_list_comma ',' expression

   49 expression_list_block: expression ';'
   50                      | expression_list_block expression ';'

   51 case_list: branch
   52          | case_list branch

   53 branch: OBJECTID ':' TYPEID DARROW expression ';'

   54 lets: OBJECTID ':' TYPEID ASSIGN expression ',' lets
   55     | OBJECTID ':' TYPEID ',' lets
   56     | OBJECTID ':' TYPEID ASSIGN expression IN expression
   57     | OBJECTID ':' TYPEID IN expression
   58     | error ','


Terminals, with rules where they appear

    $end (0) 0
    '(' (40) 7 21 22 23 40
    ')' (41) 7 21 22 23 40
    '*' (42) 33
    '+' (43) 31
    ',' (44) 17 48 54 55 58
    '-' (45) 32
    '.' (46) 21 22
    '/' (47) 34
    ':' (58) 7 8 9 15 53 54 55 56 57
    ';' (59) 4 5 6 7 8 9 10 49 50 53
    '<' (60) 36
    '=' (61) 38
    '@' (64) 21
    '{' (123) 4 5 7 26
    '}' (125) 4 5 7 26 45
    '~' (126) 35
    error (256) 6 10 45 58
    CLASS (258) 4 5
    ELSE (259) 24
    FI (260) 24
    IF (261) 24
    IN (262) 56 57
    INHERITS (263) 5
    LET (264) 27
    LOOP (265) 25
    POOL (266) 25
    THEN (267) 24
    WHILE (268) 25
    CASE (269) 28
    ESAC (270) 28
    OF (271) 28
    DARROW (272) 53
    NEW (273) 29
    ISVOID (274) 30
    STR_CONST <symbol> (275) 43
    INT_CONST <symbol> (276) 42
    BOOL_CONST <boolean> (277) 44
    TYPEID <symbol> (278) 4 5 7 8 9 15 21 29 53 54 55 56 57
    OBJECTID <symbol> (279) 7 8 9 15 20 21 22 23 41 53 54 55 56 57
    ASSIGN (280) 9 20 54 56
    NOT (281) 39
    LE (282) 37
    ERROR (283)


Nonterminals, with rules where they appear

    $accept (45)
        on left: 0
    program <program> (46)
        on left: 1
        on right: 0
    class_list <classes> (47)
        on left: 2 3
        on right: 1 3
    class <class_> (48)
        on left: 4 5 6
        on right: 2 3
    feature <feature> (49)
        on left: 7 8 9 10
        on right: 11 12
    feature_list <features> (50)
        on left: 11 12
        on right: 12 14
    optional_feature_list <features> (51)
        on left: 13 14
        on right: 4 5
    formal <formal> (52)
        on left: 15
        on right: 16 17
    formal_list <formals> (53)
        on left: 16 17
        on right: 17 19
    optional_formal_list <formals> (54)
        on left: 18 19
        on right: 7
    expression <expression> (55)
        on left: 20 21 22 23 24 25 26 27 28 29 30 31 32 33 34 35 36 37 38 39 40 41 42 43 44 45
        on right: 7 9 20 21 22 24 25 28 30 31 32 33 34 35 36 37 38 39 40 47 48 49 50 53 54 56 57
    optional_expression_list_comma <expressions> (56)
        on left: 46 47 48
        on right: 21 22 23 48
    expression_list_block <expressions> (57)
        on left: 49 50
        on right: 26 50
    case_list <cases> (58)
        on left: 51 52
        on right: 28 52
    branch <case_> (59)
        on left: 53
        on right: 51 52
    lets <expression> (60)
        on left: 54 55 56 57 58
        on right: 27 54 55


State 0

    0 $accept: . program $end

    error  shift, and go to state 1
    CLASS  shift, and go to state 2

    program     go to state 3
    class_list  go to state 4
    class       go to state 5


State 1

    6 class: error . ';'

    ';'  shift, and go to state 6


State 2

    4 class: CLASS . TYPEID '{' optional_feature_list '}' ';'
    5      | CLASS . TYPEID INHERITS TYPEID '{' optional_feature_list '}' ';'

    TYPEID  shift, and go to state 7


State 3

    0 $accept: program . $end

    $end  shift, and go to state 8


State 4

    1 program: class_list .
    3 class_list: class_list . class

    error  shift, and go to state 1
    CLASS  shift, and go to state 2

    $end  reduce using rule 1 (program)

    class  go to state 9


State 5

    2 class_list: class .

    $default  reduce using rule 2 (class_list)


State 6

    6 class: error ';' .

    $default  reduce using rule 6 (class)


State 7

    4 class: CLASS TYPEID . '{' optional_feature_list '}' ';'
    5      | CLASS TYPEID . INHERITS TYPEID '{' optional_feature_list '}' ';'

    INHERITS  shift, and go to state 10
    '{'       shift, and go to state 11


State 8

    0 $accept: program $end .

    $default  accept


State 9

    3 class_list: class_list class .

    $default  reduce using rule 3 (class_list)


State 10

    5 class: CLASS TYPEID INHERITS . TYPEID '{' optional_feature_list '}' ';'

    TYPEID  shift, and go to state 12


State 11

    4 class: CLASS TYPEID '{' . optional_feature_list '}' ';'

    error     shift, and go to state 13
    OBJECTID  shift, and go to state 14

    '}'  reduce using rule 13 (optional_feature_list)

    feature                go to state 15
    feature_list           go to state 16
    optional_feature_list  go to state 17


State 12

    5 class: CLASS TYPEID INHERITS TYPEID . '{' optional_feature_list '}' ';'

    '{'  shift, and go to state 18


State 13

   10 feature: error . ';'

    ';'  shift, and go to state 19


State 14

    7 feature: OBJECTID . '(' optional_formal_list ')' ':' TYPEID '{' expression '}' ';'
    8        | OBJECTID . ':' TYPEID ';'
    9        | OBJECTID . ':' TYPEID ASSIGN expression ';'

    '('  shift, and go to state 20
    ':'  shift, and go to state 21


State 15

   11 feature_list: feature .

    $default  reduce using rule 11 (feature_list)


State 16

   12 feature_list: feature_list . feature
   14 optional_feature_list: feature_list .

    error     shift, and go to state 13
    OBJECTID  shift, and go to state 14

    '}'  reduce using rule 14 (optional_feature_list)

    feature  go to state 22


State 17

    4 class: CLASS TYPEID '{' optional_feature_list . '}' ';'

    '}'  shift, and go to state 23


State 18

    5 class: CLASS TYPEID INHERITS TYPEID '{' . optional_feature_list '}' ';'

    error     shift, and go to state 13
    OBJECTID  shift, and go to state 14

    '}'  reduce using rule 13 (optional_feature_list)

    feature                go to state 15
    feature_list           go to state 16
    optional_feature_list  go to state 24


State 19

   10 feature: error ';' .

    $default  reduce using rule 10 (feature)


State 20

    7 feature: OBJECTID '(' . optional_formal_list ')' ':' TYPEID '{' expression '}' ';'

    OBJECTID  shift, and go to state 25

    $default  reduce using rule 18 (optional_formal_list)

    formal                go to state 26
    formal_list           go to state 27
    optional_formal_list  go to state 28


State 21

    8 feature: OBJECTID ':' . TYPEID ';'
    9        | OBJECTID ':' . TYPEID ASSIGN expression ';'

    TYPEID  shift, and go to state 29


State 22

   12 feature_list: feature_list feature .

    $default  reduce using rule 12 (feature_list)


State 23

    4 class: CLASS TYPEID '{' optional_feature_list '}' . ';'

    ';'  shift, and go to state 30


State 24

    5 class: CLASS TYPEID INHERITS TYPEID '{' optional_feature_list . '}' ';'

    '}'  shift, and go to state 31


State 25

   15 formal: OBJECTID . ':' TYPEID

    ':'  shift, and go to state 32


State 26

   16 formal_list: formal .

    $default  reduce using rule 16 (formal_list)


State 27

   17 formal_list: formal_list . ',' formal
   19 optional_formal_list: formal_list .

    ','  shift, and go to state 33

    $default  reduce using rule 19 (optional_formal_list)


State 28

    7 feature: OBJECTID '(' optional_formal_list . ')' ':' TYPEID '{' expression '}' ';'

    ')'  shift, and go to state 34


State 29

    8 feature: OBJECTID ':' TYPEID . ';'
    9        | OBJECTID ':' TYPEID . ASSIGN expression ';'

    ASSIGN  shift, and go to state 35
    ';'     shift, and go to state 36


State 30

    4 class: CLASS TYPEID '{' optional_feature_list '}' ';' .

    $default  reduce using rule 4 (class)


State 31

    5 class: CLASS TYPEID INHERITS TYPEID '{' optional_feature_list '}' . ';'

    ';'  shift, and go to state 37


State 32

   15 formal: OBJECTID ':' . TYPEID

    TYPEID  shift, and go to state 38


State 33

   17 formal_list: formal_list ',' . formal

    OBJECTID  shift, and go to state 25

    formal  go to state 39


State 34

    7 feature: OBJECTID '(' optional_formal_list ')' . ':' TYPEID '{' expression '}' ';'

    ':'  shift, and go to state 40


State 35

    9 feature: OBJECTID ':' TYPEID ASSIGN . expression ';'

    error       shift, and go to state 41
    IF          shift, and go to state 42
    LET         shift, and go to state 43
    WHILE       shift, and go to state 44
    CASE        shift, and go to state 45
    NEW         shift, and go to state 46
    ISVOID      shift, and go to state 47
    STR_CONST   shift, and go to state 48
    INT_CONST   shift, and go to state 49
    BOOL_CONST  shift, and go to state 50
    OBJECTID    shift, and go to state 51
    NOT         shift, and go to state 52
    '~'         shift, and go to state 53
    '{'         shift, and go to state 54
    '('         shift, and go to state 55

    expression  go to state 56


State 36

    8 feature: OBJECTID ':' TYPEID ';' .

    $default  reduce using rule 8 (feature)


State 37

    5 class: CLASS TYPEID INHERITS TYPEID '{' optional_feature_list '}' ';' .

    $default  reduce using rule 5 (class)


State 38

   15 formal: OBJECTID ':' TYPEID .

    $default  reduce using rule 15 (formal)


State 39

   17 formal_list: formal_list ',' formal .

    $default  reduce using rule 17 (formal_list)


State 40

    7 feature: OBJECTID '(' optional_formal_list ')' ':' . TYPEID '{' expression '}' ';'

    TYPEID  shift, and go to state 57


State 41

   45 expression: error . '}'

    '}'  shift, and go to state 58


State 42

   24 expression: IF . expression THEN expression ELSE expression FI

    error       shift, and go to state 41
    IF          shift, and go to state 42
    LET         shift, and go to state 43
    WHILE       shift, and go to state 44
    CASE        shift, and go to state 45
    NEW         shift, and go to state 46
    ISVOID      shift, and go to state 47
    STR_CONST   shift, and go to state 48
    INT_CONST   shift, and go to state 49
    BOOL_CONST  shift, and go to state 50
    OBJECTID    shift, and go to state 51
    NOT         shift, and go to state 52
    '~'         shift, and go to state 53
    '{'         shift, and go to state 54
    '('         shift, and go to state 55

    expression  go to state 59


State 43

   27 expression: LET . lets

    error     shift, and go to state 60
    OBJECTID  shift, and go to state 61

    lets  go to state 62


State 44

   25 expression: WHILE . expression LOOP expression POOL

    error       shift, and go to state 41
    IF          shift, and go to state 42
    LET         shift, and go to state 43
    WHILE       shift, and go to state 44
    CASE        shift, and go to state 45
    NEW         shift, and go to state 46
    ISVOID      shift, and go to state 47
    STR_CONST   shift, and go to state 48
    INT_CONST   shift, and go to state 49
    BOOL_CONST  shift, and go to state 50
    OBJECTID    shift, and go to state 51
    NOT         shift, and go to state 52
    '~'         shift, and go to state 53
    '{'         shift, and go to state 54
    '('         shift, and go to state 55

    expression  go to state 63


State 45

   28 expression: CASE . expression OF case_list ESAC

    error       shift, and go to state 41
    IF          shift, and go to state 42
    LET         shift, and go to state 43
    WHILE       shift, and go to state 44
    CASE        shift, and go to state 45
    NEW         shift, and go to state 46
    ISVOID      shift, and go to state 47
    STR_CONST   shift, and go to state 48
    INT_CONST   shift, and go to state 49
    BOOL_CONST  shift, and go to state 50
    OBJECTID    shift, and go to state 51
    NOT         shift, and go to state 52
    '~'         shift, and go to state 53
    '{'         shift, and go to state 54
    '('         shift, and go to state 55

    expression  go to state 64


State 46

   29 expression: NEW . TYPEID

    TYPEID  shift, and go to state 65


State 47

   30 expression: ISVOID . expression

    error       shift, and go to state 41
    IF          shift, and go to state 42
    LET         shift, and go to state 43
    WHILE       shift, and go to state 44
    CASE        shift, and go to state 45
    NEW         shift, and go to state 46
    ISVOID      shift, and go to state 47
    STR_CONST   shift, and go to state 48
    INT_CONST   shift, and go to state 49
    BOOL_CONST  shift, and go to state 50
    OBJECTID    shift, and go to state 51
    NOT         shift, and go to state 52
    '~'         shift, and go to state 53
    '{'         shift, and go to state 54
    '('         shift, and go to state 55

    expression  go to state 66


State 48

   43 expression: STR_CONST .

    $default  reduce using rule 43 (expression)


State 49

   42 expression: INT_CONST .

    $default  reduce using rule 42 (expression)


State 50

   44 expression: BOOL_CONST .

    $default  reduce using rule 44 (expression)


State 51

   20 expression: OBJECTID . ASSIGN expression
   23           | OBJECTID . '(' optional_expression_list_comma ')'
   41           | OBJECTID .

    ASSIGN  shift, and go to state 67
    '('     shift, and go to state 68

    $default  reduce using rule 41 (expression)


State 52

   39 expression: NOT . expression

    error       shift, and go to state 41
    IF          shift, and go to state 42
    LET         shift, and go to state 43
    WHILE       shift, and go to state 44
    CASE        shift, and go to state 45
    NEW         shift, and go to state 46
    ISVOID      shift, and go to state 47
    STR_CONST   shift, and go to state 48
    INT_CONST   shift, and go to state 49
    BOOL_CONST  shift, and go to state 50
    OBJECTID    shift, and go to state 51
    NOT         shift, and go to state 52
    '~'         shift, and go to state 53
    '{'         shift, and go to state 54
    '('         shift, and go to state 55

    expression  go to state 69


State 53

   35 expression: '~' . expression

    error       shift, and go to state 41
    IF          shift, and go to state 42
    LET         shift, and go to state 43
    WHILE       shift, and go to state 44
    CASE        shift, and go to state 45
    NEW         shift, and go to state 46
    ISVOID      shift, and go to state 47
    STR_CONST   shift, and go to state 48
    INT_CONST   shift, and go to state 49
    BOOL_CONST  shift, and go to state 50
    OBJECTID    shift, and go to state 51
    NOT         shift, and go to state 52
    '~'         shift, and go to state 53
    '{'         shift, and go to state 54
    '('         shift, and go to state 55

    expression  go to state 70


State 54

   26 expression: '{' . expression_list_block '}'

    error       shift, and go to state 41
    IF          shift, and go to state 42
    LET         shift, and go to state 43
    WHILE       shift, and go to state 44
    CASE        shift, and go to state 45
    NEW         shift, and go to state 46
    ISVOID      shift, and go to state 47
    STR_CONST   shift, and go to state 48
    INT_CONST   shift, and go to state 49
    BOOL_CONST  shift, and go to state 50
    OBJECTID    shift, and go to state 51
    NOT         shift, and go to state 52
    '~'         shift, and go to state 53
    '{'         shift, and go to state 54
    '('         shift, and go to state 55

    expression             go to state 71
    expression_list_block  go to state 72


State 55

   40 expression: '(' . expression ')'

    error       shift, and go to state 41
    IF          shift, and go to state 42
    LET         shift, and go to state 43
    WHILE       shift, and go to state 44
    CASE        shift, and go to state 45
    NEW         shift, and go to state 46
    ISVOID      shift, and go to state 47
    STR_CONST   shift, and go to state 48
    INT_CONST   shift, and go to state 49
    BOOL_CONST  shift, and go to state 50
    OBJECTID    shift, and go to state 51
    NOT         shift, and go to state 52
    '~'         shift, and go to state 53
    '{'         shift, and go to state 54
    '('         shift, and go to state 55

    expression  go to state 73


State 56

    9 feature: OBJECTID ':' TYPEID ASSIGN expression . ';'
   21 expression: expression . '@' TYPEID '.' OBJECTID '(' optional_expression_list_comma ')'
   22           | expression . '.' OBJECTID '(' optional_expression_list_comma ')'
   31           | expression . '+' expression
   32           | expression . '-' expression
   33           | expression . '*' expression
   34           | expression . '/' expression
   36           | expression . '<' expression
   37           | expression . LE expression
   38           | expression . '=' expression

    LE   shift, and go to state 74
    '<'  shift, and go to state 75
    '='  shift, and go to state 76
    '+'  shift, and go to state 77
    '-'  shift, and go to state 78
    '*'  shift, and go to state 79
    '/'  shift, and go to state 80
    '@'  shift, and go to state 81
    '.'  shift, and go to state 82
    ';'  shift, and go to state 83


State 57

    7 feature: OBJECTID '(' optional_formal_list ')' ':' TYPEID . '{' expression '}' ';'

    '{'  shift, and go to state 84


State 58

   45 expression: error '}' .

    $default  reduce using rule 45 (expression)


State 59

   21 expression: expression . '@' TYPEID '.' OBJECTID '(' optional_expression_list_comma ')'
   22           | expression . '.' OBJECTID '(' optional_expression_list_comma ')'
   24           | IF expression . THEN expression ELSE expression FI
   31           | expression . '+' expression
   32           | expression . '-' expression
   33           | expression . '*' expression
   34           | expression . '/' expression
   36           | expression . '<' expression
   37           | expression . LE expression
   38           | expression . '=' expression

    THEN  shift, and go to state 85
    LE    shift, and go to state 74
    '<'   shift, and go to state 75
    '='   shift, and go to state 76
    '+'   shift, and go to state 77
    '-'   shift, and go to state 78
    '*'   shift, and go to state 79
    '/'   shift, and go to state 80
    '@'   shift, and go to state 81
    '.'   shift, and go to state 82


State 60

   58 lets: error . ','

    ','  shift, and go to state 86


State 61

   54 lets: OBJECTID . ':' TYPEID ASSIGN expression ',' lets
   55     | OBJECTID . ':' TYPEID ',' lets
   56     | OBJECTID . ':' TYPEID ASSIGN expression IN expression
   57     | OBJECTID . ':' TYPEID IN expression

    ':'  shift, and go to state 87


State 62

   27 expression: LET lets .

    $default  reduce using rule 27 (expression)


State 63

   21 expression: expression . '@' TYPEID '.' OBJECTID '(' optional_expression_list_comma ')'
   22           | expression . '.' OBJECTID '(' optional_expression_list_comma ')'
   25           | WHILE expression . LOOP expression POOL
   31           | expression . '+' expression
   32           | expression . '-' expression
   33           | expression . '*' expression
   34           | expression . '/' expression
   36           | expression . '<' expression
   37           | expression . LE expression
   38           | expression . '=' expression

    LOOP  shift, and go to state 88
    LE    shift, and go to state 74
    '<'   shift, and go to state 75
    '='   shift, and go to state 76
    '+'   shift, and go to state 77
    '-'   shift, and go to state 78
    '*'   shift, and go to state 79
    '/'   shift, and go to state 80
    '@'   shift, and go to state 81
    '.'   shift, and go to state 82


State 64

   21 expression: expression . '@' TYPEID '.' OBJECTID '(' optional_expression_list_comma ')'
   22           | expression . '.' OBJECTID '(' optional_expression_list_comma ')'
   28           | CASE expression . OF case_list ESAC
   31           | expression . '+' expression
   32           | expression . '-' expression
   33           | expression . '*' expression
   34           | expression . '/' expression
   36           | expression . '<' expression
   37           | expression . LE expression
   38           | expression . '=' expression

    OF   shift, and go to state 89
    LE   shift, and go to state 74
    '<'  shift, and go to state 75
    '='  shift, and go to state 76
    '+'  shift, and go to state 77
    '-'  shift, and go to state 78
    '*'  shift, and go to state 79
    '/'  shift, and go to state 80
    '@'  shift, and go to state 81
    '.'  shift, and go to state 82


State 65

   29 expression: NEW TYPEID .

    $default  reduce using rule 29 (expression)


State 66

   21 expression: expression . '@' TYPEID '.' OBJECTID '(' optional_expression_list_comma ')'
   22           | expression . '.' OBJECTID '(' optional_expression_list_comma ')'
   30           | ISVOID expression .
   31           | expression . '+' expression
   32           | expression . '-' expression
   33           | expression . '*' expression
   34           | expression . '/' expression
   36           | expression . '<' expression
   37           | expression . LE expression
   38           | expression . '=' expression

    '@'  shift, and go to state 81
    '.'  shift, and go to state 82

    $default  reduce using rule 30 (expression)


State 67

   20 expression: OBJECTID ASSIGN . expression

    error       shift, and go to state 41
    IF          shift, and go to state 42
    LET         shift, and go to state 43
    WHILE       shift, and go to state 44
    CASE        shift, and go to state 45
    NEW         shift, and go to state 46
    ISVOID      shift, and go to state 47
    STR_CONST   shift, and go to state 48
    INT_CONST   shift, and go to state 49
    BOOL_CONST  shift, and go to state 50
    OBJECTID    shift, and go to state 51
    NOT         shift, and go to state 52
    '~'         shift, and go to state 53
    '{'         shift, and go to state 54
    '('         shift, and go to state 55

    expression  go to state 90


State 68

   23 expression: OBJECTID '(' . optional_expression_list_comma ')'

    error       shift, and go to state 41
    IF          shift, and go to state 42
    LET         shift, and go to state 43
    WHILE       shift, and go to state 44
    CASE        shift, and go to state 45
    NEW         shift, and go to state 46
    ISVOID      shift, and go to state 47
    STR_CONST   shift, and go to state 48
    INT_CONST   shift, and go to state 49
    BOOL_CONST  shift, and go to state 50
    OBJECTID    shift, and go to state 51
    NOT         shift, and go to state 52
    '~'         shift, and go to state 53
    '{'         shift, and go to state 54
    '('         shift, and go to state 55

    ')'  reduce using rule 46 (optional_expression_list_comma)
    ','  reduce using rule 46 (optional_expression_list_comma)

    expression                      go to state 91
    optional_expression_list_comma  go to state 92


State 69

   21 expression: expression . '@' TYPEID '.' OBJECTID '(' optional_expression_list_comma ')'
   22           | expression . '.' OBJECTID '(' optional_expression_list_comma ')'
   31           | expression . '+' expression
   32           | expression . '-' expression
   33           | expression . '*' expression
   34           | expression . '/' expression
   36           | expression . '<' expression
   37           | expression . LE expression
   38           | expression . '=' expression
   39           | NOT expression .

    LE   shift, and go to state 74
    '<'  shift, and go to state 75
    '='  shift, and go to state 76
    '+'  shift, and go to state 77
    '-'  shift, and go to state 78
    '*'  shift, and go to state 79
    '/'  shift, and go to state 80
    '@'  shift, and go to state 81
    '.'  shift, and go to state 82

    $default  reduce using rule 39 (expression)


State 70

   21 expression: expression . '@' TYPEID '.' OBJECTID '(' optional_expression_list_comma ')'
   22           | expression . '.' OBJECTID '(' optional_expression_list_comma ')'
   31           | expression . '+' expression
   32           | expression . '-' expression
   33           | expression . '*' expression
   34           | expression . '/' expression
   35           | '~' expression .
   36           | expression . '<' expression
   37           | expression . LE expression
   38           | expression . '=' expression

    '@'  shift, and go to state 81
    '.'  shift, and go to state 82

    $default  reduce using rule 35 (expression)


State 71

   21 expression: expression . '@' TYPEID '.' OBJECTID '(' optional_expression_list_comma ')'
   22           | expression . '.' OBJECTID '(' optional_expression_list_comma ')'
   31           | expression . '+' expression
   32           | expression . '-' expression
   33           | expression . '*' expression
   34           | expression . '/' expression
   36           | expression . '<' expression
   37           | expression . LE expression
   38           | expression . '=' expression
   49 expression_list_block: expression . ';'

    LE   shift, and go to state 74
    '<'  shift, and go to state 75
    '='  shift, and go to state 76
    '+'  shift, and go to state 77
    '-'  shift, and go to state 78
    '*'  shift, and go to state 79
    '/'  shift, and go to state 80
    '@'  shift, and go to state 81
    '.'  shift, and go to state 82
    ';'  shift, and go to state 93


State 72

   26 expression: '{' expression_list_block . '}'
   50 expression_list_block: expression_list_block . expression ';'

    error       shift, and go to state 41
    IF          shift, and go to state 42
    LET         shift, and go to state 43
    WHILE       shift, and go to state 44
    CASE        shift, and go to state 45
    NEW         shift, and go to state 46
    ISVOID      shift, and go to state 47
    STR_CONST   shift, and go to state 48
    INT_CONST   shift, and go to state 49
    BOOL_CONST  shift, and go to state 50
    OBJECTID    shift, and go to state 51
    NOT         shift, and go to state 52
    '~'         shift, and go to state 53
    '{'         shift, and go to state 54
    '}'         shift, and go to state 94
    '('         shift, and go to state 55

    expression  go to state 95


State 73

   21 expression: expression . '@' TYPEID '.' OBJECTID '(' optional_expression_list_comma ')'
   22           | expression . '.' OBJECTID '(' optional_expression_list_comma ')'
   31           | expression . '+' expression
   32           | expression . '-' expression
   33           | expression . '*' expression
   34           | expression . '/' expression
   36           | expression . '<' expression
   37           | expression . LE expression
   38           | expression . '=' expression
   40           | '(' expression . ')'

    LE   shift, and go to state 74
    '<'  shift, and go to state 75
    '='  shift, and go to state 76
    '+'  shift, and go to state 77
    '-'  shift, and go to state 78
    '*'  shift, and go to state 79
    '/'  shift, and go to state 80
    '@'  shift, and go to state 81
    '.'  shift, and go to state 82
    ')'  shift, and go to state 96


State 74

   37 expression: expression LE . expression

    error       shift, and go to state 41
    IF          shift, and go to state 42
    LET         shift, and go to state 43
    WHILE       shift, and go to state 44
    CASE        shift, and go to state 45
    NEW         shift, and go to state 46
    ISVOID      shift, and go to state 47
    STR_CONST   shift, and go to state 48
    INT_CONST   shift, and go to state 49
    BOOL_CONST  shift, and go to state 50
    OBJECTID    shift, and go to state 51
    NOT         shift, and go to state 52
    '~'         shift, and go to state 53
    '{'         shift, and go to state 54
    '('         shift, and go to state 55

    expression  go to state 97


State 75

   36 expression: expression '<' . expression

    error       shift, and go to state 41
    IF          shift, and go to state 42
    LET         shift, and go to state 43
    WHILE       shift, and go to state 44
    CASE        shift, and go to state 45
    NEW         shift, and go to state 46
    ISVOID      shift, and go to state 47
    STR_CONST   shift, and go to state 48
    INT_CONST   shift, and go to state 49
    BOOL_CONST  shift, and go to state 50
    OBJECTID    shift, and go to state 51
    NOT         shift, and go to state 52
    '~'         shift, and go to state 53
    '{'         shift, and go to state 54
    '('         shift, and go to state 55

    expression  go to state 98


State 76

   38 expression: expression '=' . expression

    error       shift, and go to state 41
    IF          shift, and go to state 42
    LET         shift, and go to state 43
    WHILE       shift, and go to state 44
    CASE        shift, and go to state 45
    NEW         shift, and go to state 46
    ISVOID      shift, and go to state 47
    STR_CONST   shift, and go to state 48
    INT_CONST   shift, and go to state 49
    BOOL_CONST  shift, and go to state 50
    OBJECTID    shift, and go to state 51
    NOT         shift, and go to state 52
    '~'         shift, and go to state 53
    '{'         shift, and go to state 54
    '('         shift, and go to state 55

    expression  go to state 99


State 77

   31 expression: expression '+' . expression

    error       shift, and go to state 41
    IF          shift, and go to state 42
    LET         shift, and go to state 43
    WHILE       shift, and go to state 44
    CASE        shift, and go to state 45
    NEW         shift, and go to state 46
    ISVOID      shift, and go to state 47
    STR_CONST   shift, and go to state 48
    INT_CONST   shift, and go to state 49
    BOOL_CONST  shift, and go to state 50
    OBJECTID    shift, and go to state 51
    NOT         shift, and go to state 52
    '~'         shift, and go to state 53
    '{'         shift, and go to state 54
    '('         shift, and go to state 55

    expression  go to state 100


State 78

   32 expression: expression '-' . expression

    error       shift, and go to state 41
    IF          shift, and go to state 42
    LET         shift, and go to state 43
    WHILE       shift, and go to state 44
    CASE        shift, and go to state 45
    NEW         shift, and go to state 46
    ISVOID      shift, and go to state 47
    STR_CONST   shift, and go to state 48
    INT_CONST   shift, and go to state 49
    BOOL_CONST  shift, and go to state 50
    OBJECTID    shift, and go to state 51
    NOT         shift, and go to state 52
    '~'         shift, and go to state 53
    '{'         shift, and go to state 54
    '('         shift, and go to state 55

    expression  go to state 101


State 79

   33 expression: expression '*' . expression

    error       shift, and go to state 41
    IF          shift, and go to state 42
    LET         shift, and go to state 43
    WHILE       shift, and go to state 44
    CASE        shift, and go to state 45
    NEW         shift, and go to state 46
    ISVOID      shift, and go to state 47
    STR_CONST   shift, and go to state 48
    INT_CONST   shift, and go to state 49
    BOOL_CONST  shift, and go to state 50
    OBJECTID    shift, and go to state 51
    NOT         shift, and go to state 52
    '~'         shift, and go to state 53
    '{'         shift, and go to state 54
    '('         shift, and go to state 55

    expression  go to state 102


State 80

   34 expression: expression '/' . expression

    error       shift, and go to state 41
    IF          shift, and go to state 42
    LET         shift, and go to state 43
    WHILE       shift, and go to state 44
    CASE        shift, and go to state 45
    NEW         shift, and go to state 46
    ISVOID      shift, and go to state 47
    STR_CONST   shift, and go to state 48
    INT_CONST   shift, and go to state 49
    BOOL_CONST  shift, and go to state 50
    OBJECTID    shift, and go to state 51
    NOT         shift, and go to state 52
    '~'         shift, and go to state 53
    '{'         shift, and go to state 54
    '('         shift, and go to state 55

    expression  go to state 103


State 81

   21 expression: expression '@' . TYPEID '.' OBJECTID '(' optional_expression_list_comma ')'

    TYPEID  shift, and go to state 104


State 82

   22 expression: expression '.' . OBJECTID '(' optional_expression_list_comma ')'

    OBJECTID  shift, and go to state 105


State 83

    9 feature: OBJECTID ':' TYPEID ASSIGN expression ';' .

    $default  reduce using rule 9 (feature)


State 84

    7 feature: OBJECTID '(' optional_formal_list ')' ':' TYPEID '{' . expression '}' ';'

    error       shift, and go to state 41
    IF          shift, and go to state 42
    LET         shift, and go to state 43
    WHILE       shift, and go to state 44
    CASE        shift, and go to state 45
    NEW         shift, and go to state 46
    ISVOID      shift, and go to state 47
    STR_CONST   shift, and go to state 48
    INT_CONST   shift, and go to state 49
    BOOL_CONST  shift, and go to state 50
    OBJECTID    shift, and go to state 51
    NOT         shift, and go to state 52
    '~'         shift, and go to state 53
    '{'         shift, and go to state 54
    '('         shift, and go to state 55

    expression  go to state 106


State 85

   24 expression: IF expression THEN . expression ELSE expression FI

    error       shift, and go to state 41
    IF          shift, and go to state 42
    LET         shift, and go to state 43
    WHILE       shift, and go to state 44
    CASE        shift, and go to state 45
    NEW         shift, and go to state 46
    ISVOID      shift, and go to state 47
    STR_CONST   shift, and go to state 48
    INT_CONST   shift, and go to state 49
    BOOL_CONST  shift, and go to state 50
    OBJECTID    shift, and go to state 51
    NOT         shift, and go to state 52
    '~'         shift, and go to state 53
    '{'         shift, and go to state 54
    '('         shift, and go to state 55

    expression  go to state 107


State 86

   58 lets: error ',' .

    $default  reduce using rule 58 (lets)


State 87

   54 lets: OBJECTID ':' . TYPEID ASSIGN expression ',' lets
   55     | OBJECTID ':' . TYPEID ',' lets
   56     | OBJECTID ':' . TYPEID ASSIGN expression IN expression
   57     | OBJECTID ':' . TYPEID IN expression

    TYPEID  shift, and go to state 108


State 88

   25 expression: WHILE expression LOOP . expression POOL

    error       shift, and go to state 41
    IF          shift, and go to state 42
    LET         shift, and go to state 43
    WHILE       shift, and go to state 44
    CASE        shift, and go to state 45
    NEW         shift, and go to state 46
    ISVOID      shift, and go to state 47
    STR_CONST   shift, and go to state 48
    INT_CONST   shift, and go to state 49
    BOOL_CONST  shift, and go to state 50
    OBJECTID    shift, and go to state 51
    NOT         shift, and go to state 52
    '~'         shift, and go to state 53
    '{'         shift, and go to state 54
    '('         shift, and go to state 55

    expression  go to state 109


State 89

   28 expression: CASE expression OF . case_list ESAC

    OBJECTID  shift, and go to state 110

    case_list  go to state 111
    branch     go to state 112


State 90

   20 expression: OBJECTID ASSIGN expression .
   21           | expression . '@' TYPEID '.' OBJECTID '(' optional_expression_list_comma ')'
   22           | expression . '.' OBJECTID '(' optional_expression_list_comma ')'
   31           | expression . '+' expression
   32           | expression . '-' expression
   33           | expression . '*' expression
   34           | expression . '/' expression
   36           | expression . '<' expression
   37           | expression . LE expression
   38           | expression . '=' expression

    LE   shift, and go to state 74
    '<'  shift, and go to state 75
    '='  shift, and go to state 76
    '+'  shift, and go to state 77
    '-'  shift, and go to state 78
    '*'  shift, and go to state 79
    '/'  shift, and go to state 80
    '@'  shift, and go to state 81
    '.'  shift, and go to state 82

    $default  reduce using rule 20 (expression)


State 91

   21 expression: expression . '@' TYPEID '.' OBJECTID '(' optional_expression_list_comma ')'
   22           | expression . '.' OBJECTID '(' optional_expression_list_comma ')'
   31           | expression . '+' expression
   32           | expression . '-' expression
   33           | expression . '*' expression
   34           | expression . '/' expression
   36           | expression . '<' expression
   37           | expression . LE expression
   38           | expression . '=' expression
   47 optional_expression_list_comma: expression .

    LE   shift, and go to state 74
    '<'  shift, and go to state 75
    '='  shift, and go to state 76
    '+'  shift, and go to state 77
    '-'  shift, and go to state 78
    '*'  shift, and go to state 79
    '/'  shift, and go to state 80
    '@'  shift, and go to state 81
    '.'  shift, and go to state 82

    $default  reduce using rule 47 (optional_expression_list_comma)


State 92

   23 expression: OBJECTID '(' optional_expression_list_comma . ')'
   48 optional_expression_list_comma: optional_expression_list_comma . ',' expression

    ')'  shift, and go to state 113
    ','  shift, and go to state 114


State 93

   49 expression_list_block: expression ';' .

    $default  reduce using rule 49 (expression_list_block)


State 94

   26 expression: '{' expression_list_block '}' .

    $default  reduce using rule 26 (expression)


State 95

   21 expression: expression . '@' TYPEID '.' OBJECTID '(' optional_expression_list_comma ')'
   22           | expression . '.' OBJECTID '(' optional_expression_list_comma ')'
   31           | expression . '+' expression
   32           | expression . '-' expression
   33           | expression . '*' expression
   34           | expression . '/' expression
   36           | expression . '<' expression
   37           | expression . LE expression
   38           | expression . '=' expression
   50 expression_list_block: expression_list_block expression . ';'

    LE   shift, and go to state 74
    '<'  shift, and go to state 75
    '='  shift, and go to state 76
    '+'  shift, and go to state 77
    '-'  shift, and go to state 78
    '*'  shift, and go to state 79
    '/'  shift, and go to state 80
    '@'  shift, and go to state 81
    '.'  shift, and go to state 82
    ';'  shift, and go to state 115


State 96

   40 expression: '(' expression ')' .

    $default  reduce using rule 40 (expression)


State 97

   21 expression: expression . '@' TYPEID '.' OBJECTID '(' optional_expression_list_comma ')'
   22           | expression . '.' OBJECTID '(' optional_expression_list_comma ')'
   31           | expression . '+' expression
   32           | expression . '-' expression
   33           | expression . '*' expression
   34           | expression . '/' expression
   36           | expression . '<' expression
   37           | expression . LE expression
   37           | expression LE expression .
   38           | expression . '=' expression

    '+'  shift, and go to state 77
    '-'  shift, and go to state 78
    '*'  shift, and go to state 79
    '/'  shift, and go to state 80
    '@'  shift, and go to state 81
    '.'  shift, and go to state 82

    LE   error (nonassociative)
    '<'  error (nonassociative)
    '='  error (nonassociative)

    $default  reduce using rule 37 (expression)


State 98

   21 expression: expression . '@' TYPEID '.' OBJECTID '(' optional_expression_list_comma ')'
   22           | expression . '.' OBJECTID '(' optional_expression_list_comma ')'
   31           | expression . '+' expression
   32           | expression . '-' expression
   33           | expression . '*' expression
   34           | expression . '/' expression
   36           | expression . '<' expression
   36           | expression '<' expression .
   37           | expression . LE expression
   38           | expression . '=' expression

    '+'  shift, and go to state 77
    '-'  shift, and go to state 78
    '*'  shift, and go to state 79
    '/'  shift, and go to state 80
    '@'  shift, and go to state 81
    '.'  shift, and go to state 82

    LE   error (nonassociative)
    '<'  error (nonassociative)
    '='  error (nonassociative)

    $default  reduce using rule 36 (expression)


State 99

   21 expression: expression . '@' TYPEID '.' OBJECTID '(' optional_expression_list_comma ')'
   22           | expression . '.' OBJECTID '(' optional_expression_list_comma ')'
   31           | expression . '+' expression
   32           | expression . '-' expression
   33           | expression . '*' expression
   34           | expression . '/' expression
   36           | expression . '<' expression
   37           | expression . LE expression
   38           | expression . '=' expression
   38           | expression '=' expression .

    '+'  shift, and go to state 77
    '-'  shift, and go to state 78
    '*'  shift, and go to state 79
    '/'  shift, and go to state 80
    '@'  shift, and go to state 81
    '.'  shift, and go to state 82

    LE   error (nonassociative)
    '<'  error (nonassociative)
    '='  error (nonassociative)

    $default  reduce using rule 38 (expression)


State 100

   21 expression: expression . '@' TYPEID '.' OBJECTID '(' optional_expression_list_comma ')'
   22           | expression . '.' OBJECTID '(' optional_expression_list_comma ')'
   31           | expression . '+' expression
   31           | expression '+' expression .
   32           | expression . '-' expression
   33           | expression . '*' expression
   34           | expression . '/' expression
   36           | expression . '<' expression
   37           | expression . LE expression
   38           | expression . '=' expression

    '*'  shift, and go to state 79
    '/'  shift, and go to state 80
    '@'  shift, and go to state 81
    '.'  shift, and go to state 82

    $default  reduce using rule 31 (expression)


State 101

   21 expression: expression . '@' TYPEID '.' OBJECTID '(' optional_expression_list_comma ')'
   22           | expression . '.' OBJECTID '(' optional_expression_list_comma ')'
   31           | expression . '+' expression
   32           | expression . '-' expression
   32           | expression '-' expression .
   33           | expression . '*' expression
   34           | expression . '/' expression
   36           | expression . '<' expression
   37           | expression . LE expression
   38           | expression . '=' expression

    '*'  shift, and go to state 79
    '/'  shift, and go to state 80
    '@'  shift, and go to state 81
    '.'  shift, and go to state 82

    $default  reduce using rule 32 (expression)


State 102

   21 expression: expression . '@' TYPEID '.' OBJECTID '(' optional_expression_list_comma ')'
   22           | expression . '.' OBJECTID '(' optional_expression_list_comma ')'
   31           | expression . '+' expression
   32           | expression . '-' expression
   33           | expression . '*' expression
   33           | expression '*' expression .
   34           | expression . '/' expression
   36           | expression . '<' expression
   37           | expression . LE expression
   38           | expression . '=' expression

    '@'  shift, and go to state 81
    '.'  shift, and go to state 82

    $default  reduce using rule 33 (expression)


State 103

   21 expression: expression . '@' TYPEID '.' OBJECTID '(' optional_expression_list_comma ')'
   22           | expression . '.' OBJECTID '(' optional_expression_list_comma ')'
   31           | expression . '+' expression
   32           | expression . '-' expression
   33           | expression . '*' expression
   34           | expression . '/' expression
   34           | expression '/' expression .
   36           | expression . '<' expression
   37           | expression . LE expression
   38           | expression . '=' expression

    '@'  shift, and go to state 81
    '.'  shift, and go to state 82

    $default  reduce using rule 34 (expression)


State 104

   21 expression: expression '@' TYPEID . '.' OBJECTID '(' optional_expression_list_comma ')'

    '.'  shift, and go to state 116


State 105

   22 expression: expression '.' OBJECTID . '(' optional_expression_list_comma ')'

    '('  shift, and go to state 117


State 106

    7 feature: OBJECTID '(' optional_formal_list ')' ':' TYPEID '{' expression . '}' ';'
   21 expression: expression . '@' TYPEID '.' OBJECTID '(' optional_expression_list_comma ')'
   22           | expression . '.' OBJECTID '(' optional_expression_list_comma ')'
   31           | expression . '+' expression
   32           | expression . '-' expression
   33           | expression . '*' expression
   34           | expression . '/' expression
   36           | expression . '<' expression
   37           | expression . LE expression
   38           | expression . '=' expression

    LE   shift, and go to state 74
    '<'  shift, and go to state 75
    '='  shift, and go to state 76
    '+'  shift, and go to state 77
    '-'  shift, and go to state 78
    '*'  shift, and go to state 79
    '/'  shift, and go to state 80
    '@'  shift, and go to state 81
    '.'  shift, and go to state 82
    '}'  shift, and go to state 118


State 107

   21 expression: expression . '@' TYPEID '.' OBJECTID '(' optional_expression_list_comma ')'
   22           | expression . '.' OBJECTID '(' optional_expression_list_comma ')'
   24           | IF expression THEN expression . ELSE expression FI
   31           | expression . '+' expression
   32           | expression . '-' expression
   33           | expression . '*' expression
   34           | expression . '/' expression
   36           | expression . '<' expression
   37           | expression . LE expression
   38           | expression . '=' expression

    ELSE  shift, and go to state 119
    LE    shift, and go to state 74
    '<'   shift, and go to state 75
    '='   shift, and go to state 76
    '+'   shift, and go to state 77
    '-'   shift, and go to state 78
    '*'   shift, and go to state 79
    '/'   shift, and go to state 80
    '@'   shift, and go to state 81
    '.'   shift, and go to state 82


State 108

   54 lets: OBJECTID ':' TYPEID . ASSIGN expression ',' lets
   55     | OBJECTID ':' TYPEID . ',' lets
   56     | OBJECTID ':' TYPEID . ASSIGN expression IN expression
   57     | OBJECTID ':' TYPEID . IN expression

    IN      shift, and go to state 120
    ASSIGN  shift, and go to state 121
    ','     shift, and go to state 122


State 109

   21 expression: expression . '@' TYPEID '.' OBJECTID '(' optional_expression_list_comma ')'
   22           | expression . '.' OBJECTID '(' optional_expression_list_comma ')'
   25           | WHILE expression LOOP expression . POOL
   31           | expression . '+' expression
   32           | expression . '-' expression
   33           | expression . '*' expression
   34           | expression . '/' expression
   36           | expression . '<' expression
   37           | expression . LE expression
   38           | expression . '=' expression

    POOL  shift, and go to state 123
    LE    shift, and go to state 74
    '<'   shift, and go to state 75
    '='   shift, and go to state 76
    '+'   shift, and go to state 77
    '-'   shift, and go to state 78
    '*'   shift, and go to state 79
    '/'   shift, and go to state 80
    '@'   shift, and go to state 81
    '.'   shift, and go to state 82


State 110

   53 branch: OBJECTID . ':' TYPEID DARROW expression ';'

    ':'  shift, and go to state 124


State 111

   28 expression: CASE expression OF case_list . ESAC
   52 case_list: case_list . branch

    ESAC      shift, and go to state 125
    OBJECTID  shift, and go to state 110

    branch  go to state 126


State 112

   51 case_list: branch .

    $default  reduce using rule 51 (case_list)


State 113

   23 expression: OBJECTID '(' optional_expression_list_comma ')' .

    $default  reduce using rule 23 (expression)


State 114

   48 optional_expression_list_comma: optional_expression_list_comma ',' . expression

    error       shift, and go to state 41
    IF          shift, and go to state 42
    LET         shift, and go to state 43
    WHILE       shift, and go to state 44
    CASE        shift, and go to state 45
    NEW         shift, and go to state 46
    ISVOID      shift, and go to state 47
    STR_CONST   shift, and go to state 48
    INT_CONST   shift, and go to state 49
    BOOL_CONST  shift, and go to state 50
    OBJECTID    shift, and go to state 51
    NOT         shift, and go to state 52
    '~'         shift, and go to state 53
    '{'         shift, and go to state 54
    '('         shift, and go to state 55

    expression  go to state 127


State 115

   50 expression_list_block: expression_list_block expression ';' .

    $default  reduce using rule 50 (expression_list_block)


State 116

   21 expression: expression '@' TYPEID '.' . OBJECTID '(' optional_expression_list_comma ')'

    OBJECTID  shift, and go to state 128


State 117

   22 expression: expression '.' OBJECTID '(' . optional_expression_list_comma ')'

    error       shift, and go to state 41
    IF          shift, and go to state 42
    LET         shift, and go to state 43
    WHILE       shift, and go to state 44
    CASE        shift, and go to state 45
    NEW         shift, and go to state 46
    ISVOID      shift, and go to state 47
    STR_CONST   shift, and go to state 48
    INT_CONST   shift, and go to state 49
    BOOL_CONST  shift, and go to state 50
    OBJECTID    shift, and go to state 51
    NOT         shift, and go to state 52
    '~'         shift, and go to state 53
    '{'         shift, and go to state 54
    '('         shift, and go to state 55

    ')'  reduce using rule 46 (optional_expression_list_comma)
    ','  reduce using rule 46 (optional_expression_list_comma)

    expression                      go to state 91
    optional_expression_list_comma  go to state 129


State 118

    7 feature: OBJECTID '(' optional_formal_list ')' ':' TYPEID '{' expression '}' . ';'

    ';'  shift, and go to state 130


State 119

   24 expression: IF expression THEN expression ELSE . expression FI

    error       shift, and go to state 41
    IF          shift, and go to state 42
    LET         shift, and go to state 43
    WHILE       shift, and go to state 44
    CASE        shift, and go to state 45
    NEW         shift, and go to state 46
    ISVOID      shift, and go to state 47
    STR_CONST   shift, and go to state 48
    INT_CONST   shift, and go to state 49
    BOOL_CONST  shift, and go to state 50
    OBJECTID    shift, and go to state 51
    NOT         shift, and go to state 52
    '~'         shift, and go to state 53
    '{'         shift, and go to state 54
    '('         shift, and go to state 55

    expression  go to state 131


State 120

   57 lets: OBJECTID ':' TYPEID IN . expression

    error       shift, and go to state 41
    IF          shift, and go to state 42
    LET         shift, and go to state 43
    WHILE       shift, and go to state 44
    CASE        shift, and go to state 45
    NEW         shift, and go to state 46
    ISVOID      shift, and go to state 47
    STR_CONST   shift, and go to state 48
    INT_CONST   shift, and go to state 49
    BOOL_CONST  shift, and go to state 50
    OBJECTID    shift, and go to state 51
    NOT         shift, and go to state 52
    '~'         shift, and go to state 53
    '{'         shift, and go to state 54
    '('         shift, and go to state 55

    expression  go to state 132


State 121

   54 lets: OBJECTID ':' TYPEID ASSIGN . expression ',' lets
   56     | OBJECTID ':' TYPEID ASSIGN . expression IN expression

    error       shift, and go to state 41
    IF          shift, and go to state 42
    LET         shift, and go to state 43
    WHILE       shift, and go to state 44
    CASE        shift, and go to state 45
    NEW         shift, and go to state 46
    ISVOID      shift, and go to state 47
    STR_CONST   shift, and go to state 48
    INT_CONST   shift, and go to state 49
    BOOL_CONST  shift, and go to state 50
    OBJECTID    shift, and go to state 51
    NOT         shift, and go to state 52
    '~'         shift, and go to state 53
    '{'         shift, and go to state 54
    '('         shift, and go to state 55

    expression  go to state 133


State 122

   55 lets: OBJECTID ':' TYPEID ',' . lets

    error     shift, and go to state 60
    OBJECTID  shift, and go to state 61

    lets  go to state 134


State 123

   25 expression: WHILE expression LOOP expression POOL .

    $default  reduce using rule 25 (expression)


State 124

   53 branch: OBJECTID ':' . TYPEID DARROW expression ';'

    TYPEID  shift, and go to state 135


State 125

   28 expression: CASE expression OF case_list ESAC .

    $default  reduce using rule 28 (expression)


State 126

   52 case_list: case_list branch .

    $default  reduce using rule 52 (case_list)


State 127

   21 expression: expression . '@' TYPEID '.' OBJECTID '(' optional_expression_list_comma ')'
   22           | expression . '.' OBJECTID '(' optional_expression_list_comma ')'
   31           | expression . '+' expression
   32           | expression . '-' expression
   33           | expression . '*' expression
   34           | expression . '/' expression
   36           | expression . '<' expression
   37           | expression . LE expression
   38           | expression . '=' expression
   48 optional_expression_list_comma: optional_expression_list_comma ',' expression .

    LE   shift, and go to state 74
    '<'  shift, and go to state 75
    '='  shift, and go to state 76
    '+'  shift, and go to state 77
    '-'  shift, and go to state 78
    '*'  shift, and go to state 79
    '/'  shift, and go to state 80
    '@'  shift, and go to state 81
    '.'  shift, and go to state 82

    $default  reduce using rule 48 (optional_expression_list_comma)


State 128

   21 expression: expression '@' TYPEID '.' OBJECTID . '(' optional_expression_list_comma ')'

    '('  shift, and go to state 136


State 129

   22 expression: expression '.' OBJECTID '(' optional_expression_list_comma . ')'
   48 optional_expression_list_comma: optional_expression_list_comma . ',' expression

    ')'  shift, and go to state 137
    ','  shift, and go to state 114


State 130

    7 feature: OBJECTID '(' optional_formal_list ')' ':' TYPEID '{' expression '}' ';' .

    $default  reduce using rule 7 (feature)


State 131

   21 expression: expression . '@' TYPEID '.' OBJECTID '(' optional_expression_list_comma ')'
   22           | expression . '.' OBJECTID '(' optional_expression_list_comma ')'
   24           | IF expression THEN expression ELSE expression . FI
   31           | expression . '+' expression
   32           | expression . '-' expression
   33           | expression . '*' expression
   34           | expression . '/' expression
   36           | expression . '<' expression
   37           | expression . LE expression
   38           | expression . '=' expression

    FI   shift, and go to state 138
    LE   shift, and go to state 74
    '<'  shift, and go to state 75
    '='  shift, and go to state 76
    '+'  shift, and go to state 77
    '-'  shift, and go to state 78
    '*'  shift, and go to state 79
    '/'  shift, and go to state 80
    '@'  shift, and go to state 81
    '.'  shift, and go to state 82


State 132

   21 expression: expression . '@' TYPEID '.' OBJECTID '(' optional_expression_list_comma ')'
   22           | expression . '.' OBJECTID '(' optional_expression_list_comma ')'
   31           | expression . '+' expression
   32           | expression . '-' expression
   33           | expression . '*' expression
   34           | expression . '/' expression
   36           | expression . '<' expression
   37           | expression . LE expression
   38           | expression . '=' expression
   57 lets: OBJECTID ':' TYPEID IN expression .

    LE   shift, and go to state 74
    '<'  shift, and go to state 75
    '='  shift, and go to state 76
    '+'  shift, and go to state 77
    '-'  shift, and go to state 78
    '*'  shift, and go to state 79
    '/'  shift, and go to state 80
    '@'  shift, and go to state 81
    '.'  shift, and go to state 82

    $default  reduce using rule 57 (lets)


State 133

   21 expression: expression . '@' TYPEID '.' OBJECTID '(' optional_expression_list_comma ')'
   22           | expression . '.' OBJECTID '(' optional_expression_list_comma ')'
   31           | expression . '+' expression
   32           | expression . '-' expression
   33           | expression . '*' expression
   34           | expression . '/' expression
   36           | expression . '<' expression
   37           | expression . LE expression
   38           | expression . '=' expression
   54 lets: OBJECTID ':' TYPEID ASSIGN expression . ',' lets
   56     | OBJECTID ':' TYPEID ASSIGN expression . IN expression

    IN   shift, and go to state 139
    LE   shift, and go to state 74
    '<'  shift, and go to state 75
    '='  shift, and go to state 76
    '+'  shift, and go to state 77
    '-'  shift, and go to state 78
    '*'  shift, and go to state 79
    '/'  shift, and go to state 80
    '@'  shift, and go to state 81
    '.'  shift, and go to state 82
    ','  shift, and go to state 140


State 134

   55 lets: OBJECTID ':' TYPEID ',' lets .

    $default  reduce using rule 55 (lets)


State 135

   53 branch: OBJECTID ':' TYPEID . DARROW expression ';'

    DARROW  shift, and go to state 141


State 136

   21 expression: expression '@' TYPEID '.' OBJECTID '(' . optional_expression_list_comma ')'

    error       shift, and go to state 41
    IF          shift, and go to state 42
    LET         shift, and go to state 43
    WHILE       shift, and go to state 44
    CASE        shift, and go to state 45
    NEW         shift, and go to state 46
    ISVOID      shift, and go to state 47
    STR_CONST   shift, and go to state 48
    INT_CONST   shift, and go to state 49
    BOOL_CONST  shift, and go to state 50
    OBJECTID    shift, and go to state 51
    NOT         shift, and go to state 52
    '~'         shift, and go to state 53
    '{'         shift, and go to state 54
    '('         shift, and go to state 55

    ')'  reduce using rule 46 (optional_expression_list_comma)
    ','  reduce using rule 46 (optional_expression_list_comma)

    expression                      go to state 91
    optional_expression_list_comma  go to state 142


State 137

   22 expression: expression '.' OBJECTID '(' optional_expression_list_comma ')' .

    $default  reduce using rule 22 (expression)


State 138

   24 expression: IF expression THEN expression ELSE expression FI .

    $default  reduce using rule 24 (expression)


State 139

   56 lets: OBJECTID ':' TYPEID ASSIGN expression IN . expression

    error       shift, and go to state 41
    IF          shift, and go to state 42
    LET         shift, and go to state 43
    WHILE       shift, and go to state 44
    CASE        shift, and go to state 45
    NEW         shift, and go to state 46
    ISVOID      shift, and go to state 47
    STR_CONST   shift, and go to state 48
    INT_CONST   shift, and go to state 49
    BOOL_CONST  shift, and go to state 50
    OBJECTID    shift, and go to state 51
    NOT         shift, and go to state 52
    '~'         shift, and go to state 53
    '{'         shift, and go to state 54
    '('         shift, and go to state 55

    expression  go to state 143


State 140

   54 lets: OBJECTID ':' TYPEID ASSIGN expression ',' . lets

    error     shift, and go to state 60
    OBJECTID  shift, and go to state 61

    lets  go to state 144


State 141

   53 branch: OBJECTID ':' TYPEID DARROW . expression ';'

    error       shift, and go to state 41
    IF          shift, and go to state 42
    LET         shift, and go to state 43
    WHILE       shift, and go to state 44
    CASE        shift, and go to state 45
    NEW         shift, and go to state 46
    ISVOID      shift, and go to state 47
    STR_CONST   shift, and go to state 48
    INT_CONST   shift, and go to state 49
    BOOL_CONST  shift, and go to state 50
    OBJECTID    shift, and go to state 51
    NOT         shift, and go to state 52
    '~'         shift, and go to state 53
    '{'         shift, and go to state 54
    '('         shift, and go to state 55

    expression  go to state 145


State 142

   21 expression: expression '@' TYPEID '.' OBJECTID '(' optional_expression_list_comma . ')'
   48 optional_expression_list_comma: optional_expression_list_comma . ',' expression

    ')'  shift, and go to state 146
    ','  shift, and go to state 114


State 143

   21 expression: expression . '@' TYPEID '.' OBJECTID '(' optional_expression_list_comma ')'
   22           | expression . '.' OBJECTID '(' optional_expression_list_comma ')'
   31           | expression . '+' expression
   32           | expression . '-' expression
   33           | expression . '*' expression
   34           | expression . '/' expression
   36           | expression . '<' expression
   37           | expression . LE expression
   38           | expression . '=' expression
   56 lets: OBJECTID ':' TYPEID ASSIGN expression IN expression .

    LE   shift, and go to state 74
    '<'  shift, and go to state 75
    '='  shift, and go to state 76
    '+'  shift, and go to state 77
    '-'  shift, and go to state 78
    '*'  shift, and go to state 79
    '/'  shift, and go to state 80
    '@'  shift, and go to state 81
    '.'  shift, and go to state 82

    $default  reduce using rule 56 (lets)


State 144

   54 lets: OBJECTID ':' TYPEID ASSIGN expression ',' lets .

    $default  reduce using rule 54 (lets)


State 145

   21 expression: expression . '@' TYPEID '.' OBJECTID '(' optional_expression_list_comma ')'
   22           | expression . '.' OBJECTID '(' optional_expression_list_comma ')'
   31           | expression . '+' expression
   32           | expression . '-' expression
   33           | expression . '*' expression
   34           | expression . '/' expression
   36           | expression . '<' expression
   37           | expression . LE expression
   38           | expression . '=' expression
   53 branch: OBJECTID ':' TYPEID DARROW expression . ';'

    LE   shift, and go to state 74
    '<'  shift, and go to state 75
    '='  shift, and go to state 76
    '+'  shift, and go to state 77
    '-'  shift, and go to state 78
    '*'  shift, and go to state 79
    '/'  shift, and go to state 80
    '@'  shift, and go to state 81
    '.'  shift, and go to state 82
    ';'  shift, and go to state 147


State 146

   21 expression: expression '@' TYPEID '.' OBJECTID '(' optional_expression_list_comma ')' .

    $default  reduce using rule 21 (expression)


State 147

   53 branch: OBJECTID ':' TYPEID DARROW expression ';' .

    $default  reduce using rule 53 (branch)
